[22:53:27] [[32minfo[39m] [Document updated successfully]
[22:53:31] [[32minfo[39m] [Document updated successfully]
[22:53:42] [[32minfo[39m] [Document updated successfully]
[22:54:25] [[32minfo[39m] [Fetching documents for userId:6570a3181ffa50c1134dec18]
[22:54:25] [[32minfo[39m] [Fetching documents for userId:6570a3181ffa50c1134dec18]
[22:54:25] [[32minfo[39m] [Fetching documents for userId:6570a3181ffa50c1134dec18]
[22:54:25] [[32minfo[39m] [Fetched documents:]
[22:54:25] [[32minfo[39m] [Fetched documents:]
[22:54:25] [[32minfo[39m] [Fetched documents:]
[22:54:29] [[32minfo[39m] [Document updated successfully]
[22:54:42] [[32minfo[39m] [Document updated successfully]
[22:54:58] [[32minfo[39m] [Document updated successfully]
[22:55:00] [[32minfo[39m] [Document updated successfully]
[22:55:12] [[32minfo[39m] [Document updated successfully]
[22:55:14] [[32minfo[39m] [Document updated successfully]
[22:55:23] [[32minfo[39m] [Document updated successfully]
[22:55:36] [[32minfo[39m] [Document updated successfully]
[22:58:36] [[32minfo[39m] [Document updated successfully]
[22:59:00] [[32minfo[39m] [Document updated successfully]
[16:34:48] [[32minfo[39m] [Login successful]
[16:34:48] [[32minfo[39m] [Fetching documents for userId:6570a3181ffa50c1134dec18]
[16:34:48] [[32minfo[39m] [Fetching documents for userId:6570a3181ffa50c1134dec18]
[16:34:48] [[32minfo[39m] [Fetched documents:]
[16:34:48] [[32minfo[39m] [Fetched documents:]
[16:34:58] [[32minfo[39m] [Fetching documents for userId:6570a3181ffa50c1134dec18]
[16:34:58] [[32minfo[39m] [Fetching documents for userId:6570a3181ffa50c1134dec18]
[16:34:58] [[32minfo[39m] [Fetching documents for userId:6570a3181ffa50c1134dec18]
[16:34:58] [[32minfo[39m] [Fetched documents:]
[16:34:58] [[32minfo[39m] [Fetched documents:]
[16:34:58] [[32minfo[39m] [Fetched documents:]
[16:35:03] [[32minfo[39m] [Document updated successfully]
[16:35:10] [[32minfo[39m] [Document updated successfully]
[16:35:17] [[32minfo[39m] [Document updated successfully]
[16:35:20] [[32minfo[39m] [Fetching documents for userId:6570a3181ffa50c1134dec18]
[16:35:20] [[32minfo[39m] [Fetching documents for userId:6570a3181ffa50c1134dec18]
[16:35:20] [[32minfo[39m] [Fetching documents for userId:6570a3181ffa50c1134dec18]
[16:35:20] [[32minfo[39m] [Fetched documents:]
[16:35:20] [[32minfo[39m] [Fetched documents:]
[16:35:20] [[32minfo[39m] [Fetched documents:]
[16:35:29] [[32minfo[39m] [Document name updated successfully:{
  content: { text: '<p>sagar</p>', images: [], links: [] },
  _id: new ObjectId('65742e555a6b5fa6b8b88958'),
  userId: new ObjectId('6570a3181ffa50c1134dec18'),
  name: 'sagar1',
  date_of_creation: '09/12/2023',
  __v: 0
}]
[16:35:33] [[32minfo[39m] [Document deleted successfully:65742e555a6b5fa6b8b88958]
[15:28:43] [[32minfo[39m] [Login successful]
[15:28:43] [[32minfo[39m] [Fetching documents for userId:6570a3181ffa50c1134dec18]
[15:28:43] [[32minfo[39m] [Fetching documents for userId:6570a3181ffa50c1134dec18]
[15:28:43] [[32minfo[39m] [Fetched documents:]
[15:28:43] [[32minfo[39m] [Fetched documents:]
[15:29:07] [[32minfo[39m] [Document updated successfully]
[15:29:12] [[32minfo[39m] [Fetching documents for userId:6570a3181ffa50c1134dec18]
[15:29:12] [[32minfo[39m] [Fetching documents for userId:6570a3181ffa50c1134dec18]
[15:29:12] [[32minfo[39m] [Fetching documents for userId:6570a3181ffa50c1134dec18]
[15:29:12] [[32minfo[39m] [Fetched documents:]
[15:29:12] [[32minfo[39m] [Fetched documents:]
[15:29:12] [[32minfo[39m] [Fetched documents:]
[15:29:14] [[32minfo[39m] [Fetching documents for userId:6570a3181ffa50c1134dec18]
[15:29:14] [[32minfo[39m] [Fetching documents for userId:6570a3181ffa50c1134dec18]
[15:29:14] [[32minfo[39m] [Fetched documents:]
[15:29:14] [[32minfo[39m] [Fetched documents:]
[15:29:22] [[32minfo[39m] [Document updated successfully]
[15:29:25] [[32minfo[39m] [Fetching documents for userId:6570a3181ffa50c1134dec18]
[15:29:25] [[32minfo[39m] [Fetching documents for userId:6570a3181ffa50c1134dec18]
[15:29:25] [[32minfo[39m] [Fetched documents:]
[15:29:25] [[32minfo[39m] [Fetched documents:]
[15:30:29] [[32minfo[39m] [Document deleted successfully:657ad23ae37be164b2bb2667]
[15:30:43] [[32minfo[39m] [Fetching documents for userId:6570a3181ffa50c1134dec18]
[15:30:43] [[32minfo[39m] [Fetching documents for userId:6570a3181ffa50c1134dec18]
[15:30:43] [[32minfo[39m] [Fetching documents for userId:6570a3181ffa50c1134dec18]
[15:30:43] [[32minfo[39m] [Fetched documents:]
[15:30:43] [[32minfo[39m] [Fetched documents:]
[15:30:43] [[32minfo[39m] [Fetched documents:]
[15:31:40] [[32minfo[39m] [Fetching documents for userId:6570a3181ffa50c1134dec18]
[15:31:40] [[32minfo[39m] [Fetching documents for userId:6570a3181ffa50c1134dec18]
[15:31:40] [[32minfo[39m] [Fetched documents:]
[15:31:40] [[32minfo[39m] [Fetched documents:]
[15:32:14] [[32minfo[39m] [Fetching documents for userId:6570a3181ffa50c1134dec18]
[15:32:14] [[32minfo[39m] [Fetching documents for userId:6570a3181ffa50c1134dec18]
[15:32:14] [[32minfo[39m] [Fetched documents:]
[15:32:14] [[32minfo[39m] [Fetched documents:]
[15:32:21] [[32minfo[39m] [Fetching documents for userId:6570a3181ffa50c1134dec18]
[15:32:21] [[32minfo[39m] [Fetching documents for userId:6570a3181ffa50c1134dec18]
[15:32:21] [[32minfo[39m] [Fetched documents:]
[15:32:23] [[32minfo[39m] [Fetched documents:]
[15:32:23] [[32minfo[39m] [Fetching documents for userId:6570a3181ffa50c1134dec18]
[15:32:23] [[32minfo[39m] [Fetching documents for userId:6570a3181ffa50c1134dec18]
[15:32:23] [[32minfo[39m] [Fetched documents:]
[15:32:23] [[32minfo[39m] [Fetched documents:]
[15:32:29] [[32minfo[39m] [Fetching documents for userId:6570a3181ffa50c1134dec18]
[15:32:29] [[32minfo[39m] [Fetching documents for userId:6570a3181ffa50c1134dec18]
[15:32:29] [[32minfo[39m] [Fetched documents:]
[15:32:29] [[32minfo[39m] [Fetched documents:]
[15:32:38] [[32minfo[39m] [Fetching documents for userId:6570a3181ffa50c1134dec18]
[15:32:38] [[32minfo[39m] [Fetching documents for userId:6570a3181ffa50c1134dec18]
[15:32:38] [[32minfo[39m] [Fetched documents:]
[15:32:38] [[32minfo[39m] [Fetched documents:]
[15:37:35] [[32minfo[39m] [Login failed]
[15:37:35] [[32minfo[39m] [Login successful]
